<?xml version="1.0" encoding="UTF-8"?>
<coverage generated="1711663512506" clover="3.2.0">
  <project timestamp="1711663512506" name="All files">
    <metrics statements="28" coveredstatements="28" conditionals="10" coveredconditionals="10" methods="6" coveredmethods="6" elements="44" coveredelements="44" complexity="0" loc="28" ncloc="28" packages="1" files="1" classes="1"/>
    <file name="calculator.ts" path="G:\CUBIXEDU\Clean code elvek és unit tesztelés a gyakorlatban\munka\CleanCode_1\src\calculator.ts">
      <metrics statements="28" coveredstatements="28" conditionals="10" coveredconditionals="10" methods="6" coveredmethods="6"/>
      <line num="1" count="1" type="stmt"/>
      <line num="2" count="1" type="stmt"/>
      <line num="3" count="1" type="cond" truecount="1" falsecount="0"/>
      <line num="4" count="6" type="stmt"/>
      <line num="5" count="6" type="stmt"/>
      <line num="6" count="1" type="stmt"/>
      <line num="7" count="1" type="cond" truecount="1" falsecount="0"/>
      <line num="8" count="5" type="stmt"/>
      <line num="9" count="5" type="stmt"/>
      <line num="10" count="1" type="stmt"/>
      <line num="11" count="1" type="cond" truecount="1" falsecount="0"/>
      <line num="12" count="6" type="stmt"/>
      <line num="13" count="6" type="stmt"/>
      <line num="14" count="1" type="stmt"/>
      <line num="15" count="1" type="cond" truecount="1" falsecount="0"/>
      <line num="16" count="4" type="cond" truecount="1" falsecount="0"/>
      <line num="17" count="3" type="cond" truecount="1" falsecount="0"/>
      <line num="18" count="3" type="stmt"/>
      <line num="19" count="1" type="stmt"/>
      <line num="20" count="1" type="cond" truecount="1" falsecount="0"/>
      <line num="21" count="3" type="cond" truecount="1" falsecount="0"/>
      <line num="22" count="2" type="cond" truecount="1" falsecount="0"/>
      <line num="23" count="2" type="stmt"/>
      <line num="24" count="1" type="stmt"/>
      <line num="25" count="1" type="cond" truecount="1" falsecount="0"/>
      <line num="26" count="11" type="stmt"/>
      <line num="27" count="11" type="stmt"/>
      <line num="28" count="1" type="stmt"/>
    </file>
  </project>
</coverage>
