{"G:\\CUBIXEDU\\Clean code elvek és unit tesztelés a gyakorlatban\\munka\\CleanCode_1\\src\\calculator.ts": {"path":"G:\\CUBIXEDU\\Clean code elvek és unit tesztelés a gyakorlatban\\munka\\CleanCode_1\\src\\calculator.ts","all":false,"statementMap":{"0":{"start":{"line":1,"column":0},"end":{"line":1,"column":25}},"1":{"start":{"line":2,"column":0},"end":{"line":2,"column":0}},"2":{"start":{"line":3,"column":0},"end":{"line":3,"column":46}},"3":{"start":{"line":4,"column":0},"end":{"line":4,"column":21}},"4":{"start":{"line":5,"column":0},"end":{"line":5,"column":5}},"5":{"start":{"line":6,"column":0},"end":{"line":6,"column":4}},"6":{"start":{"line":7,"column":0},"end":{"line":7,"column":52}},"7":{"start":{"line":8,"column":0},"end":{"line":8,"column":21}},"8":{"start":{"line":9,"column":0},"end":{"line":9,"column":5}},"9":{"start":{"line":10,"column":0},"end":{"line":10,"column":0}},"10":{"start":{"line":11,"column":0},"end":{"line":11,"column":57}},"11":{"start":{"line":12,"column":0},"end":{"line":12,"column":21}},"12":{"start":{"line":13,"column":0},"end":{"line":13,"column":5}},"13":{"start":{"line":14,"column":0},"end":{"line":14,"column":0}},"14":{"start":{"line":15,"column":0},"end":{"line":15,"column":49}},"15":{"start":{"line":16,"column":0},"end":{"line":16,"column":60}},"16":{"start":{"line":17,"column":0},"end":{"line":17,"column":21}},"17":{"start":{"line":18,"column":0},"end":{"line":18,"column":5}},"18":{"start":{"line":19,"column":0},"end":{"line":19,"column":0}},"19":{"start":{"line":20,"column":0},"end":{"line":20,"column":42}},"20":{"start":{"line":21,"column":0},"end":{"line":21,"column":87}},"21":{"start":{"line":22,"column":0},"end":{"line":22,"column":28}},"22":{"start":{"line":23,"column":0},"end":{"line":23,"column":5}},"23":{"start":{"line":24,"column":0},"end":{"line":24,"column":0}},"24":{"start":{"line":25,"column":0},"end":{"line":25,"column":48}},"25":{"start":{"line":26,"column":0},"end":{"line":26,"column":29}},"26":{"start":{"line":27,"column":0},"end":{"line":27,"column":5}},"27":{"start":{"line":28,"column":0},"end":{"line":28,"column":1}}},"s":{"0":1,"1":1,"2":1,"3":6,"4":6,"5":1,"6":1,"7":5,"8":5,"9":1,"10":1,"11":6,"12":6,"13":1,"14":1,"15":4,"16":3,"17":3,"18":1,"19":1,"20":3,"21":2,"22":2,"23":1,"24":1,"25":11,"26":11,"27":1},"branchMap":{"0":{"type":"branch","line":3,"loc":{"start":{"line":3,"column":11},"end":{"line":5,"column":5}},"locations":[{"start":{"line":3,"column":11},"end":{"line":5,"column":5}}]},"1":{"type":"branch","line":7,"loc":{"start":{"line":7,"column":11},"end":{"line":9,"column":5}},"locations":[{"start":{"line":7,"column":11},"end":{"line":9,"column":5}}]},"2":{"type":"branch","line":11,"loc":{"start":{"line":11,"column":11},"end":{"line":13,"column":5}},"locations":[{"start":{"line":11,"column":11},"end":{"line":13,"column":5}}]},"3":{"type":"branch","line":15,"loc":{"start":{"line":15,"column":11},"end":{"line":18,"column":5}},"locations":[{"start":{"line":15,"column":11},"end":{"line":18,"column":5}}]},"4":{"type":"branch","line":16,"loc":{"start":{"line":16,"column":18},"end":{"line":16,"column":60}},"locations":[{"start":{"line":16,"column":18},"end":{"line":16,"column":60}}]},"5":{"type":"branch","line":17,"loc":{"start":{"line":17,"column":-1},"end":{"line":18,"column":5}},"locations":[{"start":{"line":17,"column":-1},"end":{"line":18,"column":5}}]},"6":{"type":"branch","line":20,"loc":{"start":{"line":20,"column":11},"end":{"line":23,"column":5}},"locations":[{"start":{"line":20,"column":11},"end":{"line":23,"column":5}}]},"7":{"type":"branch","line":21,"loc":{"start":{"line":21,"column":17},"end":{"line":21,"column":87}},"locations":[{"start":{"line":21,"column":17},"end":{"line":21,"column":87}}]},"8":{"type":"branch","line":22,"loc":{"start":{"line":22,"column":-1},"end":{"line":23,"column":5}},"locations":[{"start":{"line":22,"column":-1},"end":{"line":23,"column":5}}]},"9":{"type":"branch","line":25,"loc":{"start":{"line":25,"column":11},"end":{"line":27,"column":5}},"locations":[{"start":{"line":25,"column":11},"end":{"line":27,"column":5}}]}},"b":{"0":[6],"1":[5],"2":[6],"3":[4],"4":[1],"5":[3],"6":[3],"7":[1],"8":[2],"9":[11]},"fnMap":{"0":{"name":"Add","decl":{"start":{"line":3,"column":11},"end":{"line":5,"column":5}},"loc":{"start":{"line":3,"column":11},"end":{"line":5,"column":5}},"line":3},"1":{"name":"Substract","decl":{"start":{"line":7,"column":11},"end":{"line":9,"column":5}},"loc":{"start":{"line":7,"column":11},"end":{"line":9,"column":5}},"line":7},"2":{"name":"Multiplication","decl":{"start":{"line":11,"column":11},"end":{"line":13,"column":5}},"loc":{"start":{"line":11,"column":11},"end":{"line":13,"column":5}},"line":11},"3":{"name":"Divide","decl":{"start":{"line":15,"column":11},"end":{"line":18,"column":5}},"loc":{"start":{"line":15,"column":11},"end":{"line":18,"column":5}},"line":15},"4":{"name":"SquareRoot","decl":{"start":{"line":20,"column":11},"end":{"line":23,"column":5}},"loc":{"start":{"line":20,"column":11},"end":{"line":23,"column":5}},"line":20},"5":{"name":"Power","decl":{"start":{"line":25,"column":11},"end":{"line":27,"column":5}},"loc":{"start":{"line":25,"column":11},"end":{"line":27,"column":5}},"line":25}},"f":{"0":6,"1":5,"2":6,"3":4,"4":3,"5":11}}
}
