{"G:\\CUBIXEDU\\Clean code elvek és unit tesztelés a gyakorlatban\\munka\\CleanCode_1\\src\\calculator.ts": {"path":"G:\\CUBIXEDU\\Clean code elvek és unit tesztelés a gyakorlatban\\munka\\CleanCode_1\\src\\calculator.ts","all":false,"statementMap":{"0":{"start":{"line":1,"column":0},"end":{"line":1,"column":25}},"1":{"start":{"line":2,"column":0},"end":{"line":2,"column":0}},"2":{"start":{"line":3,"column":0},"end":{"line":3,"column":46}},"3":{"start":{"line":4,"column":0},"end":{"line":4,"column":21}},"4":{"start":{"line":5,"column":0},"end":{"line":5,"column":5}},"5":{"start":{"line":6,"column":0},"end":{"line":6,"column":0}},"6":{"start":{"line":7,"column":0},"end":{"line":7,"column":1}}},"s":{"0":1,"1":1,"2":1,"3":6,"4":6,"5":1,"6":1},"branchMap":{"0":{"type":"branch","line":3,"loc":{"start":{"line":3,"column":11},"end":{"line":5,"column":5}},"locations":[{"start":{"line":3,"column":11},"end":{"line":5,"column":5}}]}},"b":{"0":[6]},"fnMap":{"0":{"name":"Add","decl":{"start":{"line":3,"column":11},"end":{"line":5,"column":5}},"loc":{"start":{"line":3,"column":11},"end":{"line":5,"column":5}},"line":3}},"f":{"0":6}}
}
