TN:
SF:src\calculator.ts
FN:3,Add
FN:7,Sub
FN:11,Mul
FN:15,Div
FN:22,Sqrt
FN:29,Pow
FNF:6
FNH:5
FNDA:6,Add
FNDA:5,Sub
FNDA:6,Mul
FNDA:4,Div
FNDA:3,Sqrt
FNDA:0,Pow
DA:1,1
DA:2,1
DA:3,1
DA:4,6
DA:5,6
DA:6,1
DA:7,1
DA:8,5
DA:9,5
DA:10,1
DA:11,1
DA:12,6
DA:13,6
DA:14,1
DA:15,1
DA:16,4
DA:17,4
DA:18,3
DA:19,3
DA:20,4
DA:21,1
DA:22,1
DA:23,3
DA:24,3
DA:25,2
DA:26,2
DA:27,3
DA:28,1
DA:29,1
DA:30,0
DA:31,0
DA:32,1
LF:32
LH:30
BRDA:3,0,0,6
BRDA:7,1,0,5
BRDA:11,2,0,6
BRDA:15,3,0,4
BRDA:17,4,0,1
BRDA:18,5,0,3
BRDA:22,6,0,3
BRDA:24,7,0,1
BRDA:25,8,0,2
BRF:9
BRH:9
end_of_record
