TN:
SF:src\calculator.ts
FN:3,Add
FN:7,Sub
FN:11,Mul
FN:15,Div
FN:22,Sqrt
FN:26,Pow
FNF:6
FNH:4
FNDA:6,Add
FNDA:5,Sub
FNDA:6,Mul
FNDA:7,Div
FNDA:0,Sqrt
FNDA:0,Pow
DA:1,1
DA:2,1
DA:3,1
DA:4,6
DA:5,6
DA:6,1
DA:7,1
DA:8,5
DA:9,5
DA:10,1
DA:11,1
DA:12,6
DA:13,6
DA:14,1
DA:15,1
DA:16,7
DA:17,7
DA:18,6
DA:19,6
DA:20,7
DA:21,1
DA:22,1
DA:23,0
DA:24,0
DA:25,1
DA:26,1
DA:27,0
DA:28,0
DA:29,1
LF:29
LH:25
BRDA:3,0,0,6
BRDA:7,1,0,5
BRDA:11,2,0,6
BRDA:15,3,0,7
BRDA:17,4,0,1
BRDA:18,5,0,6
BRF:6
BRH:6
end_of_record
